<?xml version="1.0" encoding="UTF-8"?>
<!-- Generated by org.testng.reporters.JUnitXMLReporter -->
<testsuite hostname="chootgirl" name="Test" tests="6" failures="0" timestamp="7 Jan 2020 18:19:35 GMT" time="3.423" errors="0">
  <testcase name="testWriteFile" time="2.705" classname="basicOperations.CrudOperations"/>
  <testcase name="testGetAction" time="0.161" classname="basicOperations.CrudOperations"/>
  <testcase name="testRenameFile" time="0.128" classname="basicOperations.CrudOperations"/>
  <testcase name="testDeleteFile" time="0.119" classname="basicOperations.CrudOperations"/>
  <testcase name="testCreateFolder" time="0.177" classname="basicOperations.CrudOperations"/>
  <testcase name="testRemoveFolder" time="0.121" classname="basicOperations.CrudOperations"/>
</testsuite> <!-- Test -->
