<?xml version="1.0" encoding="UTF-8"?>
<!-- Generated by org.testng.reporters.JUnitXMLReporter -->
<testsuite hostname="chootgirl" name="Default test" tests="6" failures="0" timestamp="7 Jan 2020 17:14:29 GMT" time="2.36" errors="0">
  <testcase name="testWriteFile" time="1.689" classname="basicOperations.CrudOperations"/>
  <testcase name="testGetAction" time="0.068" classname="basicOperations.CrudOperations"/>
  <testcase name="testRenameFile" time="0.301" classname="basicOperations.CrudOperations"/>
  <testcase name="testDeleteFile" time="0.081" classname="basicOperations.CrudOperations"/>
  <testcase name="testCreateFolder" time="0.073" classname="basicOperations.CrudOperations"/>
  <testcase name="testRemoveFolder" time="0.128" classname="basicOperations.CrudOperations"/>
</testsuite> <!-- Default test -->
