<?xml version="1.0" encoding="UTF-8"?>
<testng-results skipped="0" failed="0" total="6" passed="6">
  <reporter-output>
  </reporter-output>
  <suite name="Default suite" duration-ms="2360" started-at="2020-01-07T17:14:27Z" finished-at="2020-01-07T17:14:29Z">
    <groups>
    </groups>
    <test name="Default test" duration-ms="2360" started-at="2020-01-07T17:14:27Z" finished-at="2020-01-07T17:14:29Z">
      <class name="basicOperations.CrudOperations">
        <test-method status="PASS" signature="testWriteFile()[pri:0, instance:basicOperations.CrudOperations@4de8b406]" name="testWriteFile" duration-ms="1689" started-at="2020-01-07T22:44:27Z" finished-at="2020-01-07T22:44:28Z">
          <reporter-output>
          </reporter-output>
        </test-method> <!-- testWriteFile -->
        <test-method status="PASS" signature="testGetAction()[pri:0, instance:basicOperations.CrudOperations@4de8b406]" name="testGetAction" duration-ms="68" started-at="2020-01-07T22:44:28Z" finished-at="2020-01-07T22:44:28Z">
          <reporter-output>
          </reporter-output>
        </test-method> <!-- testGetAction -->
        <test-method status="PASS" signature="testRenameFile()[pri:0, instance:basicOperations.CrudOperations@4de8b406]" name="testRenameFile" duration-ms="301" started-at="2020-01-07T22:44:28Z" finished-at="2020-01-07T22:44:29Z">
          <reporter-output>
          </reporter-output>
        </test-method> <!-- testRenameFile -->
        <test-method status="PASS" signature="testDeleteFile()[pri:0, instance:basicOperations.CrudOperations@4de8b406]" name="testDeleteFile" duration-ms="81" started-at="2020-01-07T22:44:29Z" finished-at="2020-01-07T22:44:29Z">
          <reporter-output>
          </reporter-output>
        </test-method> <!-- testDeleteFile -->
        <test-method status="PASS" signature="testCreateFolder()[pri:0, instance:basicOperations.CrudOperations@4de8b406]" name="testCreateFolder" duration-ms="73" started-at="2020-01-07T22:44:29Z" finished-at="2020-01-07T22:44:29Z">
          <reporter-output>
          </reporter-output>
        </test-method> <!-- testCreateFolder -->
        <test-method status="PASS" signature="testRemoveFolder()[pri:0, instance:basicOperations.CrudOperations@4de8b406]" name="testRemoveFolder" duration-ms="128" started-at="2020-01-07T22:44:29Z" finished-at="2020-01-07T22:44:29Z">
          <reporter-output>
          </reporter-output>
        </test-method> <!-- testRemoveFolder -->
      </class> <!-- basicOperations.CrudOperations -->
    </test> <!-- Default test -->
  </suite> <!-- Default suite -->
</testng-results>
