<?xml version="1.0" encoding="UTF-8"?>
<testng-results skipped="0" failed="0" total="6" passed="6">
  <reporter-output>
  </reporter-output>
  <suite name="Suite" duration-ms="3423" started-at="2020-01-07T18:19:31Z" finished-at="2020-01-07T18:19:35Z">
    <groups>
    </groups>
    <test name="Test" duration-ms="3423" started-at="2020-01-07T18:19:31Z" finished-at="2020-01-07T18:19:35Z">
      <class name="basicOperations.CrudOperations">
        <test-method status="PASS" signature="testWriteFile()[pri:0, instance:basicOperations.CrudOperations@3498ed]" name="testWriteFile" duration-ms="2705" started-at="2020-01-07T23:49:31Z" finished-at="2020-01-07T23:49:34Z">
          <reporter-output>
          </reporter-output>
        </test-method> <!-- testWriteFile -->
        <test-method status="PASS" signature="testGetAction()[pri:0, instance:basicOperations.CrudOperations@3498ed]" name="testGetAction" duration-ms="161" started-at="2020-01-07T23:49:34Z" finished-at="2020-01-07T23:49:34Z">
          <reporter-output>
          </reporter-output>
        </test-method> <!-- testGetAction -->
        <test-method status="PASS" signature="testRenameFile()[pri:0, instance:basicOperations.CrudOperations@3498ed]" name="testRenameFile" duration-ms="128" started-at="2020-01-07T23:49:34Z" finished-at="2020-01-07T23:49:34Z">
          <reporter-output>
          </reporter-output>
        </test-method> <!-- testRenameFile -->
        <test-method status="PASS" signature="testDeleteFile()[pri:0, instance:basicOperations.CrudOperations@3498ed]" name="testDeleteFile" duration-ms="119" started-at="2020-01-07T23:49:34Z" finished-at="2020-01-07T23:49:35Z">
          <reporter-output>
          </reporter-output>
        </test-method> <!-- testDeleteFile -->
        <test-method status="PASS" signature="testCreateFolder()[pri:0, instance:basicOperations.CrudOperations@3498ed]" name="testCreateFolder" duration-ms="177" started-at="2020-01-07T23:49:35Z" finished-at="2020-01-07T23:49:35Z">
          <reporter-output>
          </reporter-output>
        </test-method> <!-- testCreateFolder -->
        <test-method status="PASS" signature="testRemoveFolder()[pri:0, instance:basicOperations.CrudOperations@3498ed]" name="testRemoveFolder" duration-ms="121" started-at="2020-01-07T23:49:35Z" finished-at="2020-01-07T23:49:35Z">
          <reporter-output>
          </reporter-output>
        </test-method> <!-- testRemoveFolder -->
      </class> <!-- basicOperations.CrudOperations -->
    </test> <!-- Test -->
  </suite> <!-- Suite -->
</testng-results>
