<?xml version="1.0" encoding="UTF-8"?>
<testsuite xmlns:xsi="http://www.w3.org/2001/XMLSchema-instance" xsi:noNamespaceSchemaLocation="https://maven.apache.org/surefire/maven-surefire-plugin/xsd/surefire-test-report-3.0.xsd" version="3.0" name="TestSuite" time="3.814" tests="6" errors="0" skipped="0" failures="0">
  <properties>
[...]
</properties>
  <testcase name="testWriteFile" classname="basicOperations.CrudOperations" time="2.746"/>
  <testcase name="testGetAction" classname="basicOperations.CrudOperations" time="0.14"/>
  <testcase name="testRenameFile" classname="basicOperations.CrudOperations" time="0.13"/>
  <testcase name="testDeleteFile" classname="basicOperations.CrudOperations" time="0.133"/>
  <testcase name="testCreateFolder" classname="basicOperations.CrudOperations" time="0.171"/>
  <testcase name="testRemoveFolder" classname="basicOperations.CrudOperations" time="0.131"/>
</testsuite>