<?xml version="1.0" encoding="UTF-8"?>
<testng-results skipped="0" failed="0" total="6" passed="6">
  <reporter-output>
  </reporter-output>
  <suite name="Suite" duration-ms="3469" started-at="2020-01-07T18:20:03Z" finished-at="2020-01-07T18:20:06Z">
    <groups>
    </groups>
    <test name="Test" duration-ms="3469" started-at="2020-01-07T18:20:03Z" finished-at="2020-01-07T18:20:06Z">
      <class name="basicOperations.CrudOperations">
        <test-method status="PASS" signature="testWriteFile()[pri:0, instance:basicOperations.CrudOperations@3498ed]" name="testWriteFile" duration-ms="2745" started-at="2020-01-07T23:50:03Z" finished-at="2020-01-07T23:50:06Z">
          <reporter-output>
          </reporter-output>
        </test-method> <!-- testWriteFile -->
        <test-method status="PASS" signature="testGetAction()[pri:0, instance:basicOperations.CrudOperations@3498ed]" name="testGetAction" duration-ms="142" started-at="2020-01-07T23:50:06Z" finished-at="2020-01-07T23:50:06Z">
          <reporter-output>
          </reporter-output>
        </test-method> <!-- testGetAction -->
        <test-method status="PASS" signature="testRenameFile()[pri:0, instance:basicOperations.CrudOperations@3498ed]" name="testRenameFile" duration-ms="128" started-at="2020-01-07T23:50:06Z" finished-at="2020-01-07T23:50:06Z">
          <reporter-output>
          </reporter-output>
        </test-method> <!-- testRenameFile -->
        <test-method status="PASS" signature="testDeleteFile()[pri:0, instance:basicOperations.CrudOperations@3498ed]" name="testDeleteFile" duration-ms="135" started-at="2020-01-07T23:50:06Z" finished-at="2020-01-07T23:50:06Z">
          <reporter-output>
          </reporter-output>
        </test-method> <!-- testDeleteFile -->
        <test-method status="PASS" signature="testCreateFolder()[pri:0, instance:basicOperations.CrudOperations@3498ed]" name="testCreateFolder" duration-ms="172" started-at="2020-01-07T23:50:06Z" finished-at="2020-01-07T23:50:06Z">
          <reporter-output>
          </reporter-output>
        </test-method> <!-- testCreateFolder -->
        <test-method status="PASS" signature="testRemoveFolder()[pri:0, instance:basicOperations.CrudOperations@3498ed]" name="testRemoveFolder" duration-ms="132" started-at="2020-01-07T23:50:06Z" finished-at="2020-01-07T23:50:06Z">
          <reporter-output>
          </reporter-output>
        </test-method> <!-- testRemoveFolder -->
      </class> <!-- basicOperations.CrudOperations -->
    </test> <!-- Test -->
  </suite> <!-- Suite -->
</testng-results>
